<?xml version="1.0" encoding="UTF-8"?>
<!-- Generated by org.testng.reporters.JUnitXMLReporter -->
<testsuite hostname="DESKTOP-EQA0C24" ignored="0" name="Default test" tests="3" failures="0" timestamp="05 Apr 2022 10:09:20 GMT" time="0.136" errors="0">
  <testcase name="a" time="0.043" classname="Practice.TestNgBasic"/>
  <testcase name="demo" time="0.006" classname="Practice.TestNgBasic"/>
  <testcase name="tester" time="0.003" classname="Practice.TestNgBasic"/>
</testsuite> <!-- Default test -->
