<?xml version="1.0" encoding="UTF-8"?>
<testng-results skipped="0" failed="0" ignored="0" total="3" passed="3">
  <reporter-output>
    <line>
      <![CDATA[a]]>
    </line>
    <line>
      <![CDATA[Hi]]>
    </line>
    <line>
      <![CDATA[Hello]]>
    </line>
  </reporter-output>
  <suite name="Default suite" duration-ms="136" started-at="2022-04-05T10:09:20Z" finished-at="2022-04-05T10:09:20Z">
    <groups>
    </groups>
    <test name="Default test" duration-ms="136" started-at="2022-04-05T10:09:20Z" finished-at="2022-04-05T10:09:20Z">
      <class name="Practice.TestNgBasic">
        <test-method status="PASS" signature="a()[pri:0, instance:Practice.TestNgBasic@f6c48ac]" name="a" duration-ms="43" started-at="2022-04-05T10:09:20Z" finished-at="2022-04-05T10:09:20Z">
          <reporter-output>
            <line>
              <![CDATA[a]]>
            </line>
          </reporter-output>
        </test-method> <!-- a -->
        <test-method status="PASS" signature="demo()[pri:0, instance:Practice.TestNgBasic@f6c48ac]" name="demo" duration-ms="6" started-at="2022-04-05T10:09:20Z" finished-at="2022-04-05T10:09:20Z">
          <reporter-output>
            <line>
              <![CDATA[Hi]]>
            </line>
          </reporter-output>
        </test-method> <!-- demo -->
        <test-method status="PASS" signature="tester()[pri:0, instance:Practice.TestNgBasic@f6c48ac]" name="tester" duration-ms="3" started-at="2022-04-05T10:09:20Z" finished-at="2022-04-05T10:09:20Z">
          <reporter-output>
            <line>
              <![CDATA[Hello]]>
            </line>
          </reporter-output>
        </test-method> <!-- tester -->
      </class> <!-- Practice.TestNgBasic -->
    </test> <!-- Default test -->
  </suite> <!-- Default suite -->
</testng-results>
